[17:57:43] [ServerMain/INFO]: Running Java 21 (Java HotSpot(TM) 64-Bit Server VM 21.0.4+8-LTS-jvmci-23.1-b41; Oracle Corporation Oracle GraalVM 21.0.4+8.1) on Linux 5.15.0-100-generic (amd64)
[17:57:43] [ServerMain/INFO]: Loading Paper 1.21.1-131-ver/1.21.1@84281ce (2024-10-31T17:43:44Z) for Minecraft 1.21.1
[17:57:43] [ServerMain/INFO]: Initializing plugins...
[17:57:43] [ServerMain/INFO]: Initialized 2 plugins
[17:57:43] [ServerMain/INFO]: Bukkit plugins (2):
 - GriefPrevention (16.18.4), ViaVersion (5.1.1)
[17:57:47] [ServerMain/INFO]: Environment: Environment[sessionHost=https://sessionserver.mojang.com, servicesHost=https://api.minecraftservices.com, name=PROD]
[17:57:49] [ServerMain/INFO]: Loaded 1290 recipes
[17:57:49] [ServerMain/INFO]: Loaded 1399 advancements
[17:57:50] [Server thread/INFO]: Starting minecraft server version 1.21.1
[17:57:50] [Server thread/INFO]: Loading properties
[17:57:50] [Server thread/INFO]: This server is running Paper version 1.21.1-131-ver/1.21.1@84281ce (2024-10-31T17:43:44Z) (Implementing API version 1.21.1-R0.1-SNAPSHOT)
[17:57:50] [Server thread/INFO]: This server bundles the spark profiler. For more information please visit https://docs.papermc.io/paper/profiling
[17:57:51] [Server thread/INFO]: Server Ping Player Sample Count: 12
[17:57:51] [Server thread/INFO]: Using 4 threads for Netty based IO
[17:57:52] [Server thread/INFO]: Chunk system is using 1 I/O threads, 1 worker threads, and population gen parallelism of 1 threads
[17:57:52] [Server thread/INFO]: Default game type: SURVIVAL
[17:57:52] [Server thread/INFO]: Generating keypair
[17:57:52] [Server thread/INFO]: Starting Minecraft server on *:25565
[17:57:52] [Server thread/INFO]: Using epoll channel type
[17:57:52] [Server thread/INFO]: Paper: Using libdeflate (Linux x86_64) compression from Velocity.
[17:57:52] [Server thread/INFO]: Paper: Using OpenSSL 1.1.x (Linux x86_64) cipher from Velocity.
[17:57:53] [Server thread/INFO]: Loading server plugin ViaVersion v5.1.1
[17:57:53] [Server thread/INFO]: ViaVersion 5.1.1 is now loaded. Registering protocol transformers and injecting...
[17:57:54] [Via-Mappingloader-0/INFO]: Loading block connection mappings ...
[17:57:54] [Via-Mappingloader-0/INFO]: Using FastUtil Long2ObjectOpenHashMap for block connections
[17:57:54] [Server thread/INFO]: Loading server plugin GriefPrevention v16.18.4
[17:57:54] [Server thread/INFO]: Server permissions file permissions.yml is empty, ignoring it
[17:57:54] [Server thread/WARN]: **** SERVER IS RUNNING IN OFFLINE/INSECURE MODE!
[17:57:54] [Server thread/WARN]: The server will make no attempt to authenticate usernames. Beware.
[17:57:54] [Server thread/WARN]: Whilst this makes it possible to use BungeeCord, unless access to your server is properly restricted, it also opens up the ability for hackers to connect with any username they choose.
[17:57:54] [Server thread/WARN]: Please see http://www.spigotmc.org/wiki/firewall-guide/ for further information.
[17:57:54] [Server thread/WARN]: To change this, set "online-mode" to "true" in the server.properties file.
[17:57:54] [Server thread/INFO]: Preparing level "world"
[17:57:55] [Server thread/INFO]: Preparing start region for dimension minecraft:overworld
[17:57:56] [Server thread/INFO]: Time elapsed: 1213 ms
[17:57:56] [Server thread/INFO]: Preparing start region for dimension minecraft:the_nether
[17:57:56] [Server thread/INFO]: Time elapsed: 199 ms
[17:57:56] [Server thread/INFO]: Preparing start region for dimension minecraft:the_end
[17:57:56] [Server thread/INFO]: Time elapsed: 171 ms
[17:57:56] [Server thread/INFO]: Enabling ViaVersion v5.1.1
[17:57:56] [Server thread/INFO]: ViaVersion detected server version: 1.21-1.21.1 (767)
[17:57:56] [Server thread/INFO]: Enabling GriefPrevention v16.18.4
[17:57:56] [Server thread/INFO]: Finished loading configuration.
[17:57:56] [Server thread/INFO]: 1 total claims loaded.
[17:57:56] [Server thread/INFO]: Customizable messages loaded.
[17:57:56] [Server thread/INFO]: Finished loading data (File Mode).
[17:57:56] [Server thread/INFO]: Boot finished.
[17:57:57] [Server thread/INFO]: Starting background profiler...
[17:57:57] [Server thread/INFO]: Done preparing level "world" (2.715s)
[17:57:57] [Server thread/INFO]: Starting remote control listener
[17:57:57] [Server thread/INFO]: Thread RCON Listener started
[17:57:57] [Server thread/INFO]: RCON running on 0.0.0.0:25575
[17:57:57] [Server thread/INFO]: Running delayed init tasks
[17:57:57] [Server thread/INFO]: Done (14.926s)! For help, type "help"
[17:57:57] [Server thread/INFO]: Timings Reset
[17:57:57] [Craft Scheduler Thread - 2 - ViaVersion/INFO]: Finished mapping loading, shutting down loader executor.
[18:02:57] [Server thread/INFO]: Stopping the server
[18:02:57] [Server thread/INFO]: Stopping server
[18:02:57] [Server thread/INFO]: Disabling GriefPrevention v16.18.4
[18:02:57] [Server thread/INFO]: GriefPrevention disabled.
[18:02:57] [Server thread/INFO]: Disabling ViaVersion v5.1.1
[18:02:57] [Server thread/INFO]: ViaVersion has been disabled; uninjected the platform and shut down the scheduler.
[18:02:57] [Server thread/INFO]: Saving players
[18:02:57] [Server thread/INFO]: Saving worlds
[18:02:57] [Server thread/INFO]: Saving chunks for level 'ServerLevel[world]'/minecraft:overworld
[18:02:57] [Server thread/INFO]: Waiting 60s for chunk system to halt for world 'world'
[18:02:57] [Server thread/INFO]: Halted chunk system for world 'world'
[18:02:57] [Server thread/INFO]: Saving all chunkholders for world 'world'
[18:02:57] [Server thread/INFO]: Saved 0 block chunks, 20 entity chunks, 0 poi chunks in world 'world' in 0.01s
[18:02:58] [Server thread/INFO]: Saving chunks for level 'ServerLevel[world_nether]'/minecraft:the_nether
[18:02:58] [Server thread/INFO]: Waiting 60s for chunk system to halt for world 'world_nether'
[18:02:58] [Server thread/INFO]: Halted chunk system for world 'world_nether'
[18:02:58] [Server thread/INFO]: Saving all chunkholders for world 'world_nether'
[18:02:58] [Server thread/INFO]: Saved 0 block chunks, 0 entity chunks, 0 poi chunks in world 'world_nether' in 0.00s
[18:02:58] [Server thread/INFO]: Saving chunks for level 'ServerLevel[world_the_end]'/minecraft:the_end
[18:02:58] [Server thread/INFO]: Waiting 60s for chunk system to halt for world 'world_the_end'
[18:02:58] [Server thread/INFO]: Halted chunk system for world 'world_the_end'
[18:02:58] [Server thread/INFO]: Saving all chunkholders for world 'world_the_end'
[18:02:58] [Server thread/INFO]: Saved 0 block chunks, 10 entity chunks, 0 poi chunks in world 'world_the_end' in 0.00s
[18:02:58] [Server thread/INFO]: ThreadedAnvilChunkStorage (world): All chunks are saved
[18:02:58] [Server thread/INFO]: ThreadedAnvilChunkStorage (DIM-1): All chunks are saved
[18:02:58] [Server thread/INFO]: ThreadedAnvilChunkStorage (DIM1): All chunks are saved
[18:02:58] [Server thread/INFO]: ThreadedAnvilChunkStorage: All dimensions are saved
